android/app/build/intermediates/manifest_merge_blame_file/debug/processDebugMainManifest/manifest-merger-blame-debug-report.txt
1<?xml version="1.0" encoding="utf-8"?>
2<manifest xmlns:android="http://schemas.android.com/apk/res/android"
3    package="com.jarvis.mobileagent"
4    android:versionCode="1"
5    android:versionName="1.0.0" >
6
7    <uses-sdk
8        android:minSdkVersion="26"
9        android:targetSdkVersion="34" />
10
11    <!-- Network permissions -->
12    <uses-permission android:name="android.permission.INTERNET" />
12-->src\main\AndroidManifest.xml:6:5-67
12-->src\main\AndroidManifest.xml:6:22-64
13    <uses-permission android:name="android.permission.ACCESS_NETWORK_STATE" />
13-->src\main\AndroidManifest.xml:7:5-79
13-->src\main\AndroidManifest.xml:7:22-76
14    <uses-permission android:name="android.permission.ACCESS_WIFI_STATE" />
14-->src\main\AndroidManifest.xml:8:5-76
14-->src\main\AndroidManifest.xml:8:22-73
15    <uses-permission android:name="android.permission.CHANGE_NETWORK_STATE" />
15-->src\main\AndroidManifest.xml:9:5-79
15-->src\main\AndroidManifest.xml:9:22-76
16    <uses-permission android:name="android.permission.CHANGE_WIFI_STATE" />
16-->src\main\AndroidManifest.xml:10:5-76
16-->src\main\AndroidManifest.xml:10:22-73
17
18    <!-- Foreground services & background execution -->
19    <uses-permission android:name="android.permission.FOREGROUND_SERVICE" />
19-->src\main\AndroidManifest.xml:13:5-77
19-->src\main\AndroidManifest.xml:13:22-74
20    <uses-permission android:name="android.permission.FOREGROUND_SERVICE_CONNECTED_DEVICE" />
20-->src\main\AndroidManifest.xml:14:5-94
20-->src\main\AndroidManifest.xml:14:22-91
21    <uses-permission android:name="android.permission.FOREGROUND_SERVICE_MEDIA_PROJECTION" />
21-->src\main\AndroidManifest.xml:15:5-94
21-->src\main\AndroidManifest.xml:15:22-91
22    <uses-permission android:name="android.permission.WAKE_LOCK" />
22-->src\main\AndroidManifest.xml:16:5-68
22-->src\main\AndroidManifest.xml:16:22-65
23    <uses-permission android:name="android.permission.POST_NOTIFICATIONS" />
23-->src\main\AndroidManifest.xml:17:5-77
23-->src\main\AndroidManifest.xml:17:22-74
24    <uses-permission android:name="android.permission.REQUEST_IGNORE_BATTERY_OPTIMIZATIONS" />
24-->src\main\AndroidManifest.xml:18:5-95
24-->src\main\AndroidManifest.xml:18:22-92
25
26    <!-- Hardware controls -->
27    <uses-permission android:name="android.permission.MODIFY_AUDIO_SETTINGS" />
27-->src\main\AndroidManifest.xml:21:5-80
27-->src\main\AndroidManifest.xml:21:22-77
28    <uses-permission android:name="android.permission.CAMERA" />
28-->src\main\AndroidManifest.xml:22:5-65
28-->src\main\AndroidManifest.xml:22:22-62
29    <uses-permission android:name="android.permission.VIBRATE" />
29-->src\main\AndroidManifest.xml:23:5-66
29-->src\main\AndroidManifest.xml:23:22-63
30
31    <permission
31-->[androidx.core:core:1.12.0] AndroidManifest.xml:22:5-24:47
32        android:name="com.jarvis.mobileagent.DYNAMIC_RECEIVER_NOT_EXPORTED_PERMISSION"
32-->[androidx.core:core:1.12.0] AndroidManifest.xml:23:9-81
33        android:protectionLevel="signature" />
33-->[androidx.core:core:1.12.0] AndroidManifest.xml:24:9-44
34
35    <uses-permission android:name="com.jarvis.mobileagent.DYNAMIC_RECEIVER_NOT_EXPORTED_PERMISSION" />
35-->[androidx.core:core:1.12.0] AndroidManifest.xml:26:5-97
35-->[androidx.core:core:1.12.0] AndroidManifest.xml:26:22-94
36
37    <application
37-->src\main\AndroidManifest.xml:25:5-86:19
38        android:name="com.jarvis.mobileagent.JarvisApp"
38-->src\main\AndroidManifest.xml:26:9-34
39        android:allowBackup="true"
39-->src\main\AndroidManifest.xml:27:9-35
40        android:appComponentFactory="androidx.core.app.CoreComponentFactory"
40-->[androidx.core:core:1.12.0] AndroidManifest.xml:28:18-86
41        android:debuggable="true"
42        android:extractNativeLibs="false"
43        android:icon="@android:drawable/sym_def_app_icon"
43-->src\main\AndroidManifest.xml:28:9-58
44        android:label="@string/app_name"
44-->src\main\AndroidManifest.xml:29:9-41
45        android:roundIcon="@android:drawable/sym_def_app_icon"
45-->src\main\AndroidManifest.xml:30:9-63
46        android:supportsRtl="true"
46-->src\main\AndroidManifest.xml:31:9-35
47        android:theme="@android:style/Theme.Material.NoActionBar"
47-->src\main\AndroidManifest.xml:32:9-66
48        android:usesCleartextTraffic="true" >
48-->src\main\AndroidManifest.xml:33:9-44
49        <activity
49-->src\main\AndroidManifest.xml:36:9-44:20
50            android:name="com.jarvis.mobileagent.ui.MainActivity"
50-->src\main\AndroidManifest.xml:37:13-44
51            android:exported="true"
51-->src\main\AndroidManifest.xml:38:13-36
52            android:theme="@android:style/Theme.Material.NoActionBar" >
52-->src\main\AndroidManifest.xml:39:13-70
53            <intent-filter>
53-->src\main\AndroidManifest.xml:40:13-43:29
54                <action android:name="android.intent.action.MAIN" />
54-->src\main\AndroidManifest.xml:41:17-69
54-->src\main\AndroidManifest.xml:41:25-66
55
56                <category android:name="android.intent.category.LAUNCHER" />
56-->src\main\AndroidManifest.xml:42:17-77
56-->src\main\AndroidManifest.xml:42:27-74
57            </intent-filter>
58        </activity>
59
60        <!-- Foreground Agent Service for persistent WebSocket connection -->
61        <service
61-->src\main\AndroidManifest.xml:47:9-51:63
62            android:name="com.jarvis.mobileagent.service.JarvisAgentService"
62-->src\main\AndroidManifest.xml:48:13-55
63            android:enabled="true"
63-->src\main\AndroidManifest.xml:49:13-35
64            android:exported="false"
64-->src\main\AndroidManifest.xml:50:13-37
65            android:foregroundServiceType="connectedDevice" />
65-->src\main\AndroidManifest.xml:51:13-60
66
67        <!-- Accessibility Service for automated device control -->
68        <service
68-->src\main\AndroidManifest.xml:54:9-64:19
69            android:name="com.jarvis.mobileagent.service.JarvisAccessibilityService"
69-->src\main\AndroidManifest.xml:55:13-63
70            android:exported="true"
70-->src\main\AndroidManifest.xml:57:13-36
71            android:permission="android.permission.BIND_ACCESSIBILITY_SERVICE" >
71-->src\main\AndroidManifest.xml:56:13-79
72            <intent-filter>
72-->src\main\AndroidManifest.xml:58:13-60:29
73                <action android:name="android.accessibilityservice.AccessibilityService" />
73-->src\main\AndroidManifest.xml:59:17-92
73-->src\main\AndroidManifest.xml:59:25-89
74            </intent-filter>
75
76            <meta-data
76-->src\main\AndroidManifest.xml:61:13-63:72
77                android:name="android.accessibilityservice"
77-->src\main\AndroidManifest.xml:62:17-60
78                android:resource="@xml/accessibility_service_config" />
78-->src\main\AndroidManifest.xml:63:17-69
79        </service>
80
81        <!-- Notification Listener Service -->
82        <service
82-->src\main\AndroidManifest.xml:67:9-74:19
83            android:name="com.jarvis.mobileagent.service.JarvisNotificationListener"
83-->src\main\AndroidManifest.xml:68:13-63
84            android:exported="true"
84-->src\main\AndroidManifest.xml:70:13-36
85            android:permission="android.permission.BIND_NOTIFICATION_LISTENER_SERVICE" >
85-->src\main\AndroidManifest.xml:69:13-87
86            <intent-filter>
86-->src\main\AndroidManifest.xml:71:13-73:29
87                <action android:name="android.service.notification.NotificationListenerService" />
87-->src\main\AndroidManifest.xml:72:17-99
87-->src\main\AndroidManifest.xml:72:25-96
88            </intent-filter>
89        </service>
90
91        <provider
92            android:name="androidx.core.content.FileProvider"
92-->src\main\AndroidManifest.xml:77:13-62
93            android:authorities="com.jarvis.mobileagent.provider"
93-->src\main\AndroidManifest.xml:78:13-60
94            android:exported="false"
94-->src\main\AndroidManifest.xml:79:13-37
95            android:grantUriPermissions="true" >
95-->src\main\AndroidManifest.xml:80:13-47
96            <meta-data
96-->src\main\AndroidManifest.xml:81:13-83:54
97                android:name="android.support.FILE_PROVIDER_PATHS"
97-->src\main\AndroidManifest.xml:82:17-67
98                android:resource="@xml/file_paths" />
98-->src\main\AndroidManifest.xml:83:17-51
99        </provider>
100        <provider
100-->[androidx.emoji2:emoji2:1.3.0] AndroidManifest.xml:24:9-32:20
101            android:name="androidx.startup.InitializationProvider"
101-->[androidx.emoji2:emoji2:1.3.0] AndroidManifest.xml:25:13-67
102            android:authorities="com.jarvis.mobileagent.androidx-startup"
102-->[androidx.emoji2:emoji2:1.3.0] AndroidManifest.xml:26:13-68
103            android:exported="false" >
103-->[androidx.emoji2:emoji2:1.3.0] AndroidManifest.xml:27:13-37
104            <meta-data
104-->[androidx.emoji2:emoji2:1.3.0] AndroidManifest.xml:29:13-31:52
105                android:name="androidx.emoji2.text.EmojiCompatInitializer"
105-->[androidx.emoji2:emoji2:1.3.0] AndroidManifest.xml:30:17-75
106                android:value="androidx.startup" />
106-->[androidx.emoji2:emoji2:1.3.0] AndroidManifest.xml:31:17-49
107            <meta-data
107-->[androidx.lifecycle:lifecycle-process:2.7.0] AndroidManifest.xml:29:13-31:52
108                android:name="androidx.lifecycle.ProcessLifecycleInitializer"
108-->[androidx.lifecycle:lifecycle-process:2.7.0] AndroidManifest.xml:30:17-78
109                android:value="androidx.startup" />
109-->[androidx.lifecycle:lifecycle-process:2.7.0] AndroidManifest.xml:31:17-49
110            <meta-data
110-->[androidx.profileinstaller:profileinstaller:1.3.0] AndroidManifest.xml:29:13-31:52
111                android:name="androidx.profileinstaller.ProfileInstallerInitializer"
111-->[androidx.profileinstaller:profileinstaller:1.3.0] AndroidManifest.xml:30:17-85
112                android:value="androidx.startup" />
112-->[androidx.profileinstaller:profileinstaller:1.3.0] AndroidManifest.xml:31:17-49
113        </provider>
114
115        <receiver
115-->[androidx.profileinstaller:profileinstaller:1.3.0] AndroidManifest.xml:34:9-52:20
116            android:name="androidx.profileinstaller.ProfileInstallReceiver"
116-->[androidx.profileinstaller:profileinstaller:1.3.0] AndroidManifest.xml:35:13-76
117            android:directBootAware="false"
117-->[androidx.profileinstaller:profileinstaller:1.3.0] AndroidManifest.xml:36:13-44
118            android:enabled="true"
118-->[androidx.profileinstaller:profileinstaller:1.3.0] AndroidManifest.xml:37:13-35
119            android:exported="true"
119-->[androidx.profileinstaller:profileinstaller:1.3.0] AndroidManifest.xml:38:13-36
120            android:permission="android.permission.DUMP" >
120-->[androidx.profileinstaller:profileinstaller:1.3.0] AndroidManifest.xml:39:13-57
121            <intent-filter>
121-->[androidx.profileinstaller:profileinstaller:1.3.0] AndroidManifest.xml:40:13-42:29
122                <action android:name="androidx.profileinstaller.action.INSTALL_PROFILE" />
122-->[androidx.profileinstaller:profileinstaller:1.3.0] AndroidManifest.xml:41:17-91
122-->[androidx.profileinstaller:profileinstaller:1.3.0] AndroidManifest.xml:41:25-88
123            </intent-filter>
124            <intent-filter>
124-->[androidx.profileinstaller:profileinstaller:1.3.0] AndroidManifest.xml:43:13-45:29
125                <action android:name="androidx.profileinstaller.action.SKIP_FILE" />
125-->[androidx.profileinstaller:profileinstaller:1.3.0] AndroidManifest.xml:44:17-85
125-->[androidx.profileinstaller:profileinstaller:1.3.0] AndroidManifest.xml:44:25-82
126            </intent-filter>
127            <intent-filter>
127-->[androidx.profileinstaller:profileinstaller:1.3.0] AndroidManifest.xml:46:13-48:29
128                <action android:name="androidx.profileinstaller.action.SAVE_PROFILE" />
128-->[androidx.profileinstaller:profileinstaller:1.3.0] AndroidManifest.xml:47:17-88
128-->[androidx.profileinstaller:profileinstaller:1.3.0] AndroidManifest.xml:47:25-85
129            </intent-filter>
130            <intent-filter>
130-->[androidx.profileinstaller:profileinstaller:1.3.0] AndroidManifest.xml:49:13-51:29
131                <action android:name="androidx.profileinstaller.action.BENCHMARK_OPERATION" />
131-->[androidx.profileinstaller:profileinstaller:1.3.0] AndroidManifest.xml:50:17-95
131-->[androidx.profileinstaller:profileinstaller:1.3.0] AndroidManifest.xml:50:25-92
132            </intent-filter>
133        </receiver>
134    </application>
135
136</manifest>